[ 2014-01-14T13:57:13+08:00 ] 127.0.0.1 /lejun/admin.php
INFO: [ app_begin ] --START--
INFO: Run ReadHtmlCache Behavior [ RunTime:0.002136s ]
INFO: [ app_begin ] --END-- [ RunTime:0.002277s ]
INFO: [ view_parse ] --START--
INFO: Run ParseTemplate Behavior [ RunTime:0.018528s ]
INFO: [ view_parse ] --END-- [ RunTime:0.018654s ]
INFO: [ view_filter ] --START--
INFO: Run ContentReplace Behavior [ RunTime:0.003691s ]
INFO: Run TokenBuild Behavior [ RunTime:0.003352s ]
INFO: Run WriteHtmlCache Behavior [ RunTime:0.001999s ]
INFO: Run ShowRuntime Behavior [ RunTime:0.002175s ]
INFO: [ view_filter ] --END-- [ RunTime:0.011543s ]
INFO: [ view_end ] --START--
INFO: Run ShowPageTrace Behavior [ RunTime:0.003238s ]
INFO: [ view_end ] --END-- [ RunTime:0.003386s ]

[ 2014-01-14T14:00:29+08:00 ] 127.0.0.1 /lejun/admin.php
INFO: [ app_begin ] --START--
INFO: Run ReadHtmlCache Behavior [ RunTime:0.002176s ]
INFO: [ app_begin ] --END-- [ RunTime:0.002305s ]
INFO: [ view_parse ] --START--
INFO: Run ParseTemplate Behavior [ RunTime:0.003895s ]
INFO: [ view_parse ] --END-- [ RunTime:0.004047s ]
INFO: [ view_filter ] --START--
INFO: Run ContentReplace Behavior [ RunTime:0.002659s ]
INFO: Run TokenBuild Behavior [ RunTime:0.004274s ]
INFO: Run WriteHtmlCache Behavior [ RunTime:0.002475s ]
INFO: Run ShowRuntime Behavior [ RunTime:0.002367s ]
INFO: [ view_filter ] --END-- [ RunTime:0.012192s ]
INFO: [ view_end ] --START--
INFO: Run ShowPageTrace Behavior [ RunTime:0.002564s ]
INFO: [ view_end ] --END-- [ RunTime:0.002680s ]

