[ 2014-01-14T11:44:35+08:00 ] ERR: (ThinkException) 无法加载模块:Register
[ 2014-01-14T11:47:01+08:00 ] ERR: (ThinkException) 非法操作:index
[ 2014-01-14T11:59:40+08:00 ] ERR: (ThinkException) 非法操作:favicon
[ 2014-01-14T11:59:41+08:00 ] ERR: (ThinkException) 非法操作:favicon
[ 2014-01-14T11:59:42+08:00 ] ERR: (ThinkException) 非法操作:favicon
[ 2014-01-14T11:59:42+08:00 ] ERR: (ThinkException) 非法操作:favicon
[ 2014-01-14T11:59:43+08:00 ] ERR: (ThinkException) 非法操作:favicon
[ 2014-01-14T11:59:51+08:00 ] ERR: (ThinkException) 非法操作:favicon
[ 2014-01-14T11:59:59+08:00 ] ERR: (ThinkException) 非法操作:favicon
[ 2014-01-14T12:00:00+08:00 ] ERR: (ThinkException) 非法操作:favicon
[ 2014-01-14T12:00:00+08:00 ] ERR: (ThinkException) 非法操作:favicon
[ 2014-01-14T12:00:14+08:00 ] ERR: (ThinkException) 非法操作:favicon
[ 2014-01-14T12:00:15+08:00 ] ERR: (ThinkException) 非法操作:favicon
[ 2014-01-14T12:00:25+08:00 ] ERR: (ThinkException) 非法操作:favicon
[ 2014-01-14T12:00:41+08:00 ] ERR: (ThinkException) 非法操作:favicon
[ 2014-01-14T12:00:44+08:00 ] ERR: (ThinkException) 非法操作:favicon
[ 2014-01-14T12:00:44+08:00 ] ERR: (ThinkException) 非法操作:favicon
[ 2014-01-14T12:00:45+08:00 ] ERR: (ThinkException) 非法操作:favicon
[ 2014-01-14T12:00:49+08:00 ] ERR: (ThinkException) 非法操作:favicon
[ 2014-01-14T12:00:52+08:00 ] ERR: (ThinkException) 非法操作:favicon
[ 2014-01-14T12:01:36+08:00 ] ERR: (ThinkException) 非法操作:favicon
[ 2014-01-14T12:01:37+08:00 ] ERR: (ThinkException) 非法操作:favicon
[ 2014-01-14T12:02:53+08:00 ] ERR: (ThinkException) 非法操作:favicon
[ 2014-01-14T12:02:53+08:00 ] ERR: (ThinkException) 非法操作:favicon
[ 2014-01-14T12:02:54+08:00 ] ERR: (ThinkException) 非法操作:favicon
[ 2014-01-14T12:02:54+08:00 ] ERR: (ThinkException) 非法操作:favicon
[ 2014-01-14T12:06:46+08:00 ] ERR: (ThinkException) 非法操作:favicon
[ 2014-01-14T12:06:46+08:00 ] ERR: (ThinkException) 非法操作:favicon
[ 2014-01-14T12:06:47+08:00 ] ERR: (ThinkException) 非法操作:favicon
[ 2014-01-14T12:06:47+08:00 ] ERR: (ThinkException) 非法操作:favicon
[ 2014-01-14T12:07:16+08:00 ] ERR: (ThinkException) 非法操作:favicon
[ 2014-01-14T12:07:16+08:00 ] ERR: (ThinkException) 非法操作:favicon
[ 2014-01-14T12:07:27+08:00 ] ERR: (ThinkException) 非法操作:favicon
[ 2014-01-14T12:07:27+08:00 ] ERR: (ThinkException) 非法操作:favicon
<<<<<<< HEAD
[ 2014-01-14T15:05:15+08:00 ] ERR: (ThinkException) Access denied for user 'root'@'localhost' (using password: YES)
=======
>>>>>>> parent of 176cb4d... Revert "第一次提交"
